<?xml version="1.0" encoding="UTF-8"?>
<testsuite name="lk.icoder.spring_boot_app.SpringBootAppApplicationTests" tests="1" skipped="0" failures="0" errors="0" timestamp="2024-11-01T08:15:25" hostname="codespaces-eff40d" time="0.856">
  <properties/>
  <testcase name="contextLoads()" classname="lk.icoder.spring_boot_app.SpringBootAppApplicationTests" time="0.856"/>
  <system-out><![CDATA[08:15:23.274 [Test worker] INFO org.springframework.test.context.support.AnnotationConfigContextLoaderUtils -- Could not detect default configuration classes for test class [lk.icoder.spring_boot_app.SpringBootAppApplicationTests]: SpringBootAppApplicationTests does not declare any static, non-private, non-final, nested classes annotated with @Configuration.
08:15:23.397 [Test worker] INFO org.springframework.boot.test.context.SpringBootTestContextBootstrapper -- Found @SpringBootConfiguration lk.icoder.spring_boot_app.SpringBootAppApplication for test class lk.icoder.spring_boot_app.SpringBootAppApplicationTests

  .   ____          _            __ _ _
 /\\ / ___'_ __ _ _(_)_ __  __ _ \ \ \ \
( ( )\___ | '_ | '_| | '_ \/ _` | \ \ \ \
 \\/  ___)| |_)| | | | | || (_| |  ) ) ) )
  '  |____| .__|_| |_|_| |_\__, | / / / /
 =========|_|==============|___/=/_/_/_/

 :: Spring Boot ::                (v3.3.5)

2024-11-01T08:15:23.873Z  INFO 11959 --- [spring-boot-app] [    Test worker] l.i.s.SpringBootAppApplicationTests      : Starting SpringBootAppApplicationTests using Java 21.0.4 with PID 11959 (started by codespace in /workspaces/spring-boot-app)
2024-11-01T08:15:23.877Z  INFO 11959 --- [spring-boot-app] [    Test worker] l.i.s.SpringBootAppApplicationTests      : No active profile set, falling back to 1 default profile: "default"
2024-11-01T08:15:25.897Z  INFO 11959 --- [spring-boot-app] [    Test worker] l.i.s.SpringBootAppApplicationTests      : Started SpringBootAppApplicationTests in 2.358 seconds (process running for 4.09)
]]></system-out>
  <system-err><![CDATA[WARNING: A Java agent has been loaded dynamically (/home/codespace/.gradle/caches/modules-2/files-2.1/net.bytebuddy/byte-buddy-agent/1.14.19/154da3a65b4f4a909d3e5bdec55d1b2b4cbb6ce1/byte-buddy-agent-1.14.19.jar)
WARNING: If a serviceability tool is in use, please run with -XX:+EnableDynamicAgentLoading to hide this warning
WARNING: If a serviceability tool is not in use, please run with -Djdk.instrument.traceUsage for more information
WARNING: Dynamic loading of agents will be disallowed by default in a future release
]]></system-err>
</testsuite>
